<?xml version="1.0" encoding="UTF-8"?>
<testng-results skipped="0" failed="0" ignored="0" total="1" passed="1">
  <reporter-output>
  </reporter-output>
  <suite name="Suite" duration-ms="81636" started-at="2020-10-24T02:32:04 CEST" finished-at="2020-10-24T02:33:25 CEST">
    <groups>
    </groups>
    <test name="Test" duration-ms="81636" started-at="2020-10-24T02:32:04 CEST" finished-at="2020-10-24T02:33:25 CEST">
      <class name="chrome.Login">
        <test-method status="PASS" signature="loginintoLeaf()[pri:0, instance:chrome.Login@307f6b8c]" name="loginintoLeaf" duration-ms="81197" started-at="2020-10-24T02:32:04 CEST" finished-at="2020-10-24T02:33:25 CEST">
          <reporter-output>
          </reporter-output>
        </test-method> <!-- loginintoLeaf -->
      </class> <!-- chrome.Login -->
    </test> <!-- Test -->
  </suite> <!-- Suite -->
</testng-results>
