<?xml version="1.0" encoding="UTF-8"?>
<testng-results skipped="0" failed="0" ignored="0" total="1" passed="1">
  <reporter-output>
  </reporter-output>
  <suite name="Default suite" duration-ms="23172" started-at="2020-10-24T01:36:10 CEST" finished-at="2020-10-24T01:36:34 CEST">
    <groups>
    </groups>
    <test name="Default test" duration-ms="23172" started-at="2020-10-24T01:36:10 CEST" finished-at="2020-10-24T01:36:34 CEST">
      <class name="chrome.Login">
        <test-method status="PASS" signature="loginintoLeaf()[pri:0, instance:chrome.Login@307f6b8c]" name="loginintoLeaf" duration-ms="23086" started-at="2020-10-24T01:36:11 CEST" finished-at="2020-10-24T01:36:34 CEST">
          <reporter-output>
          </reporter-output>
        </test-method> <!-- loginintoLeaf -->
      </class> <!-- chrome.Login -->
    </test> <!-- Default test -->
  </suite> <!-- Default suite -->
</testng-results>
